<?xml version="1.0" encoding="UTF-8"?>
<!-- Generated by org.testng.reporters.JUnitXMLReporter -->
<testsuite hostname="Sh" name="Default test" tests="3" failures="0" timestamp="7 Jul 2015 17:36:07 GMT" time="13.306" errors="0">
  <testcase name="verifyGooglePageTittle" time="6.07" classname="com.pack.test.GoogleSearchTest"/>
  <testcase name="setSearchKeyword" time="0.286" classname="com.pack.test.GoogleSearchTest"/>
  <testcase name="clicOnSearchBtn" time="0.31" classname="com.pack.test.GoogleSearchTest"/>
</testsuite> <!-- Default test -->
