<?xml version="1.0" encoding="UTF-8"?>
<testng-results skipped="0" failed="0" total="3" passed="3">
  <reporter-output>
  </reporter-output>
  <suite name="Example test run" duration-ms="11978" started-at="2015-07-07T17:47:58Z" finished-at="2015-07-07T17:48:10Z">
    <groups>
    </groups>
    <test name="Simple Test" duration-ms="11978" started-at="2015-07-07T17:47:58Z" finished-at="2015-07-07T17:48:10Z">
      <class name="com.pack.test.GoogleSearchTest">
        <test-method status="PASS" signature="testSetUp()[pri:0, instance:com.pack.test.GoogleSearchTest@511baa65]" name="testSetUp" is-config="true" duration-ms="8360" started-at="2015-07-07T12:47:58Z" finished-at="2015-07-07T12:48:06Z">
          <reporter-output>
          </reporter-output>
        </test-method> <!-- testSetUp -->
        <test-method status="PASS" signature="verifyGooglePageTittle()[pri:0, instance:com.pack.test.GoogleSearchTest@511baa65]" name="verifyGooglePageTittle" duration-ms="2642" started-at="2015-07-07T12:48:06Z" finished-at="2015-07-07T12:48:09Z">
          <reporter-output>
          </reporter-output>
        </test-method> <!-- verifyGooglePageTittle -->
        <test-method status="PASS" signature="setSearchKeyword()[pri:0, instance:com.pack.test.GoogleSearchTest@511baa65]" name="setSearchKeyword" duration-ms="285" started-at="2015-07-07T12:48:09Z" depends-on-methods="com.pack.test.GoogleSearchTest.verifyGooglePageTittle" finished-at="2015-07-07T12:48:09Z">
          <reporter-output>
          </reporter-output>
        </test-method> <!-- setSearchKeyword -->
        <test-method status="PASS" signature="clicOnSearchBtn()[pri:0, instance:com.pack.test.GoogleSearchTest@511baa65]" name="clicOnSearchBtn" duration-ms="471" started-at="2015-07-07T12:48:09Z" depends-on-methods="com.pack.test.GoogleSearchTest.setSearchKeyword" finished-at="2015-07-07T12:48:10Z">
          <reporter-output>
          </reporter-output>
        </test-method> <!-- clicOnSearchBtn -->
        <test-method status="PASS" signature="tearDown()[pri:0, instance:com.pack.test.GoogleSearchTest@511baa65]" name="tearDown" is-config="true" duration-ms="205" started-at="2015-07-07T12:48:10Z" finished-at="2015-07-07T12:48:10Z">
          <reporter-output>
          </reporter-output>
        </test-method> <!-- tearDown -->
      </class> <!-- com.pack.test.GoogleSearchTest -->
    </test> <!-- Simple Test -->
  </suite> <!-- Example test run -->
</testng-results>
