<?xml version="1.0" encoding="UTF-8"?>
<!-- Generated by org.testng.reporters.JUnitXMLReporter -->
<testsuite hostname="Sh" name="Simple Test" tests="3" failures="0" timestamp="7 Jul 2015 17:48:10 GMT" time="11.978" errors="0">
  <testcase name="verifyGooglePageTittle" time="2.642" classname="com.pack.test.GoogleSearchTest"/>
  <testcase name="setSearchKeyword" time="0.285" classname="com.pack.test.GoogleSearchTest"/>
  <testcase name="clicOnSearchBtn" time="0.471" classname="com.pack.test.GoogleSearchTest"/>
</testsuite> <!-- Simple Test -->
